Determining if the pthread_create exist failed with the following output:
Change Dir: /home/jxl/jxl_ws/src/ndt_omp/build/CMakeFiles/CMakeTmp

Run Build Command:"/usr/bin/ninja" "cmTC_4a89e"
[1/2] Building C object CMakeFiles/cmTC_4a89e.dir/CheckSymbolExists.c.o
[2/2] Linking C executable cmTC_4a89e
FAILED: : && /usr/bin/x86_64-linux-gnu-gcc-5     CMakeFiles/cmTC_4a89e.dir/CheckSymbolExists.c.o  -o cmTC_4a89e  -rdynamic && :
CMakeFiles/cmTC_4a89e.dir/CheckSymbolExists.c.o：在函数‘main’中：
CheckSymbolExists.c:(.text+0x16)：对‘pthread_create’未定义的引用
collect2: error: ld returned 1 exit status
ninja: build stopped: subcommand failed.

File /home/jxl/jxl_ws/src/ndt_omp/build/CMakeFiles/CMakeTmp/CheckSymbolExists.c:
/* */
#include <pthread.h>

int main(int argc, char** argv)
{
  (void)argv;
#ifndef pthread_create
  return ((int*)(&pthread_create))[argc];
#else
  (void)argc;
  return 0;
#endif
}

Determining if the function pthread_create exists in the pthreads failed with the following output:
Change Dir: /home/jxl/jxl_ws/src/ndt_omp/build/CMakeFiles/CMakeTmp

Run Build Command:"/usr/bin/ninja" "cmTC_aca58"
[1/2] Building C object CMakeFiles/cmTC_aca58.dir/CheckFunctionExists.c.o
[2/2] Linking C executable cmTC_aca58
FAILED: : && /usr/bin/x86_64-linux-gnu-gcc-5  -DCHECK_FUNCTION_EXISTS=pthread_create   CMakeFiles/cmTC_aca58.dir/CheckFunctionExists.c.o  -o cmTC_aca58  -rdynamic -lpthreads && :
/usr/bin/ld: 找不到 -lpthreads
collect2: error: ld returned 1 exit status
ninja: build stopped: subcommand failed.


